This file contains any messages produced by compilers while
running configure, to aid debugging if configure makes a mistake.

It was created by libksba configure 1.3.0, which was
generated by GNU Autoconf 2.69.  Invocation command line was

  $ ./configure 

## --------- ##
## Platform. ##
## --------- ##

hostname = Joaos-MacBook-Pro.local
uname -m = x86_64
uname -r = 12.3.0
uname -s = Darwin
uname -v = Darwin Kernel Version 12.3.0: Sun Jan  6 22:37:10 PST 2013; root:xnu-2050.22.13~1/RELEASE_X86_64

/usr/bin/uname -p = i386
/bin/uname -X     = unknown

/bin/arch              = unknown
/usr/bin/arch -k       = unknown
/usr/convex/getsysinfo = unknown
/usr/bin/hostinfo      = Mach kernel version:
	 Darwin Kernel Version 12.3.0: Sun Jan  6 22:37:10 PST 2013; root:xnu-2050.22.13~1/RELEASE_X86_64
Kernel configured for up to 8 processors.
4 processors are physically available.
8 processors are logically available.
Processor type: i486 (Intel 80486)
Processors active: 0 1 2 3 4 5 6 7
Primary memory available: 8.00 gigabytes
Default processor set: 186 tasks, 1080 threads, 8 processors
Load average: 1.70, Mach factor: 6.28
/bin/machine           = unknown
/usr/bin/oslevel       = unknown
/bin/universe          = unknown

PATH: /Users/joaovasques/.rvm/gems/ruby-1.9.3-p327/bin
PATH: /Users/joaovasques/.rvm/gems/ruby-1.9.3-p327@global/bin
PATH: /Users/joaovasques/.rvm/rubies/ruby-1.9.3-p327/bin
PATH: /Users/joaovasques/.rvm/bin
PATH: /usr/bin
PATH: /bin
PATH: /usr/sbin
PATH: /sbin
PATH: /usr/local/bin
PATH: /Applications/play-2.1.0
PATH: /opt/X11/bin
PATH: /usr/local/git/bin
PATH: /usr/texbin
PATH: /Users/joaovasques/AWS-APIs/ec2-api-tools-1.6.6.0/bin


## ----------- ##
## Core tests. ##
## ----------- ##

configure:2556: checking for a BSD-compatible install
configure:2624: result: /usr/bin/install -c
configure:2635: checking whether build environment is sane
configure:2685: result: yes
configure:2826: checking for a thread-safe mkdir -p
configure:2865: result: ./install-sh -c -d
configure:2878: checking for gawk
configure:2908: result: no
configure:2878: checking for mawk
configure:2908: result: no
configure:2878: checking for nawk
configure:2908: result: no
configure:2878: checking for awk
configure:2894: found /usr/bin/awk
configure:2905: result: awk
configure:2916: checking whether make sets $(MAKE)
configure:2938: result: yes
configure:3025: checking build system type
configure:3039: result: x86_64-apple-darwin12.3.0
configure:3059: checking host system type
configure:3072: result: x86_64-apple-darwin12.3.0
configure:3096: autobuild project... libksba
configure:3098: autobuild revision... 1.3.0
configure:3102: autobuild hostname... Joaos-MacBook-Pro.local
configure:3111: autobuild timestamp... 20130411-191459
configure:3128: checking for style of include used by make
configure:3156: result: GNU
configure:3227: checking for gcc
configure:3243: found /usr/bin/gcc
configure:3254: result: gcc
configure:3483: checking for C compiler version
configure:3492: gcc --version >&5
i686-apple-darwin11-llvm-gcc-4.2 (GCC) 4.2.1 (Based on Apple Inc. build 5658) (LLVM build 2336.11.00)
Copyright (C) 2007 Free Software Foundation, Inc.
This is free software; see the source for copying conditions.  There is NO
warranty; not even for MERCHANTABILITY or FITNESS FOR A PARTICULAR PURPOSE.

configure:3503: $? = 0
configure:3492: gcc -v >&5
Using built-in specs.
Target: i686-apple-darwin11
Configured with: /private/var/tmp/llvmgcc42/llvmgcc42-2336.11~67/src/configure --disable-checking --enable-werror --prefix=/Applications/Xcode.app/Contents/Developer/usr/llvm-gcc-4.2 --mandir=/share/man --enable-languages=c,objc,c++,obj-c++ --program-prefix=llvm- --program-transform-name=/^[cg][^.-]*$/s/$/-4.2/ --with-slibdir=/usr/lib --build=i686-apple-darwin11 --enable-llvm=/private/var/tmp/llvmgcc42/llvmgcc42-2336.11~67/dst-llvmCore/Developer/usr/local --program-prefix=i686-apple-darwin11- --host=x86_64-apple-darwin11 --target=i686-apple-darwin11 --with-gxx-include-dir=/usr/include/c++/4.2.1
Thread model: posix
gcc version 4.2.1 (Based on Apple Inc. build 5658) (LLVM build 2336.11.00)
configure:3503: $? = 0
configure:3492: gcc -V >&5
llvm-gcc-4.2: argument to `-V' is missing
configure:3503: $? = 1
configure:3492: gcc -qversion >&5
i686-apple-darwin11-llvm-gcc-4.2: no input files
configure:3503: $? = 1
configure:3523: checking whether the C compiler works
configure:3545: gcc    conftest.c  >&5
configure:3549: $? = 0
configure:3597: result: yes
configure:3600: checking for C compiler default output file name
configure:3602: result: a.out
configure:3608: checking for suffix of executables
configure:3615: gcc -o conftest    conftest.c  >&5
configure:3619: $? = 0
configure:3641: result: 
configure:3663: checking whether we are cross compiling
configure:3671: gcc -o conftest    conftest.c  >&5
configure:3675: $? = 0
configure:3682: ./conftest
configure:3686: $? = 0
configure:3701: result: no
configure:3706: checking for suffix of object files
configure:3728: gcc -c   conftest.c >&5
configure:3732: $? = 0
configure:3753: result: o
configure:3757: checking whether we are using the GNU C compiler
configure:3776: gcc -c   conftest.c >&5
configure:3776: $? = 0
configure:3785: result: yes
configure:3794: checking whether gcc accepts -g
configure:3814: gcc -c -g  conftest.c >&5
configure:3814: $? = 0
configure:3855: result: yes
configure:3872: checking for gcc option to accept ISO C89
configure:3935: gcc  -c -g -O2  conftest.c >&5
configure:3935: $? = 0
configure:3948: result: none needed
configure:3970: checking dependency style of gcc
configure:4081: result: gcc3
configure:4102: checking how to run the C preprocessor
configure:4133: gcc -E  conftest.c
configure:4133: $? = 0
configure:4147: gcc -E  conftest.c
conftest.c:11:28: error: ac_nonexistent.h: No such file or directory
configure:4147: $? = 1
configure: failed program was:
| /* confdefs.h */
| #define PACKAGE_NAME "libksba"
| #define PACKAGE_TARNAME "libksba"
| #define PACKAGE_VERSION "1.3.0"
| #define PACKAGE_STRING "libksba 1.3.0"
| #define PACKAGE_BUGREPORT "http://bugs.gnupg.org"
| #define PACKAGE_URL ""
| #define PACKAGE "libksba"
| #define VERSION "1.3.0"
| /* end confdefs.h.  */
| #include <ac_nonexistent.h>
configure:4172: result: gcc -E
configure:4192: gcc -E  conftest.c
configure:4192: $? = 0
configure:4206: gcc -E  conftest.c
conftest.c:11:28: error: ac_nonexistent.h: No such file or directory
configure:4206: $? = 1
configure: failed program was:
| /* confdefs.h */
| #define PACKAGE_NAME "libksba"
| #define PACKAGE_TARNAME "libksba"
| #define PACKAGE_VERSION "1.3.0"
| #define PACKAGE_STRING "libksba 1.3.0"
| #define PACKAGE_BUGREPORT "http://bugs.gnupg.org"
| #define PACKAGE_URL ""
| #define PACKAGE "libksba"
| #define VERSION "1.3.0"
| /* end confdefs.h.  */
| #include <ac_nonexistent.h>
configure:4235: checking for grep that handles long lines and -e
configure:4293: result: /usr/bin/grep
configure:4298: checking for egrep
configure:4360: result: /usr/bin/grep -E
configure:4365: checking for ANSI C header files
configure:4385: gcc -c -g -O2  conftest.c >&5
configure:4385: $? = 0
configure:4458: gcc -o conftest -g -O2   conftest.c  >&5
configure:4458: $? = 0
configure:4458: ./conftest
configure:4458: $? = 0
configure:4469: result: yes
configure:4482: checking for sys/types.h
configure:4482: gcc -c -g -O2  conftest.c >&5
configure:4482: $? = 0
configure:4482: result: yes
configure:4482: checking for sys/stat.h
configure:4482: gcc -c -g -O2  conftest.c >&5
configure:4482: $? = 0
configure:4482: result: yes
configure:4482: checking for stdlib.h
configure:4482: gcc -c -g -O2  conftest.c >&5
configure:4482: $? = 0
configure:4482: result: yes
configure:4482: checking for string.h
configure:4482: gcc -c -g -O2  conftest.c >&5
configure:4482: $? = 0
configure:4482: result: yes
configure:4482: checking for memory.h
configure:4482: gcc -c -g -O2  conftest.c >&5
configure:4482: $? = 0
configure:4482: result: yes
configure:4482: checking for strings.h
configure:4482: gcc -c -g -O2  conftest.c >&5
configure:4482: $? = 0
configure:4482: result: yes
configure:4482: checking for inttypes.h
configure:4482: gcc -c -g -O2  conftest.c >&5
configure:4482: $? = 0
configure:4482: result: yes
configure:4482: checking for stdint.h
configure:4482: gcc -c -g -O2  conftest.c >&5
configure:4482: $? = 0
configure:4482: result: yes
configure:4482: checking for unistd.h
configure:4482: gcc -c -g -O2  conftest.c >&5
configure:4482: $? = 0
configure:4482: result: yes
configure:4495: checking minix/config.h usability
configure:4495: gcc -c -g -O2  conftest.c >&5
conftest.c:54:26: error: minix/config.h: No such file or directory
configure:4495: $? = 1
configure: failed program was:
| /* confdefs.h */
| #define PACKAGE_NAME "libksba"
| #define PACKAGE_TARNAME "libksba"
| #define PACKAGE_VERSION "1.3.0"
| #define PACKAGE_STRING "libksba 1.3.0"
| #define PACKAGE_BUGREPORT "http://bugs.gnupg.org"
| #define PACKAGE_URL ""
| #define PACKAGE "libksba"
| #define VERSION "1.3.0"
| #define STDC_HEADERS 1
| #define HAVE_SYS_TYPES_H 1
| #define HAVE_SYS_STAT_H 1
| #define HAVE_STDLIB_H 1
| #define HAVE_STRING_H 1
| #define HAVE_MEMORY_H 1
| #define HAVE_STRINGS_H 1
| #define HAVE_INTTYPES_H 1
| #define HAVE_STDINT_H 1
| #define HAVE_UNISTD_H 1
| /* end confdefs.h.  */
| #include <stdio.h>
| #ifdef HAVE_SYS_TYPES_H
| # include <sys/types.h>
| #endif
| #ifdef HAVE_SYS_STAT_H
| # include <sys/stat.h>
| #endif
| #ifdef STDC_HEADERS
| # include <stdlib.h>
| # include <stddef.h>
| #else
| # ifdef HAVE_STDLIB_H
| #  include <stdlib.h>
| # endif
| #endif
| #ifdef HAVE_STRING_H
| # if !defined STDC_HEADERS && defined HAVE_MEMORY_H
| #  include <memory.h>
| # endif
| # include <string.h>
| #endif
| #ifdef HAVE_STRINGS_H
| # include <strings.h>
| #endif
| #ifdef HAVE_INTTYPES_H
| # include <inttypes.h>
| #endif
| #ifdef HAVE_STDINT_H
| # include <stdint.h>
| #endif
| #ifdef HAVE_UNISTD_H
| # include <unistd.h>
| #endif
| #include <minix/config.h>
configure:4495: result: no
configure:4495: checking minix/config.h presence
configure:4495: gcc -E  conftest.c
conftest.c:21:26: error: minix/config.h: No such file or directory
configure:4495: $? = 1
configure: failed program was:
| /* confdefs.h */
| #define PACKAGE_NAME "libksba"
| #define PACKAGE_TARNAME "libksba"
| #define PACKAGE_VERSION "1.3.0"
| #define PACKAGE_STRING "libksba 1.3.0"
| #define PACKAGE_BUGREPORT "http://bugs.gnupg.org"
| #define PACKAGE_URL ""
| #define PACKAGE "libksba"
| #define VERSION "1.3.0"
| #define STDC_HEADERS 1
| #define HAVE_SYS_TYPES_H 1
| #define HAVE_SYS_STAT_H 1
| #define HAVE_STDLIB_H 1
| #define HAVE_STRING_H 1
| #define HAVE_MEMORY_H 1
| #define HAVE_STRINGS_H 1
| #define HAVE_INTTYPES_H 1
| #define HAVE_STDINT_H 1
| #define HAVE_UNISTD_H 1
| /* end confdefs.h.  */
| #include <minix/config.h>
configure:4495: result: no
configure:4495: checking for minix/config.h
configure:4495: result: no
configure:4516: checking whether it is safe to define __EXTENSIONS__
configure:4534: gcc -c -g -O2  conftest.c >&5
configure:4534: $? = 0
configure:4541: result: yes
configure:4604: checking how to print strings
configure:4631: result: printf
configure:4652: checking for a sed that does not truncate output
configure:4716: result: /usr/bin/sed
configure:4734: checking for fgrep
configure:4796: result: /usr/bin/grep -F
configure:4831: checking for ld used by gcc
configure:4898: result: /usr/llvm-gcc-4.2/libexec/gcc/i686-apple-darwin11/4.2.1/ld
configure:4905: checking if the linker (/usr/llvm-gcc-4.2/libexec/gcc/i686-apple-darwin11/4.2.1/ld) is GNU ld
configure:4920: result: no
configure:4932: checking for BSD- or MS-compatible name lister (nm)
configure:4981: result: /usr/bin/nm
configure:5111: checking the name lister (/usr/bin/nm) interface
configure:5118: gcc -c -g -O2  conftest.c >&5
configure:5121: /usr/bin/nm "conftest.o"
configure:5124: output
00000000000001a0 S _some_variable
configure:5131: result: BSD nm
configure:5134: checking whether ln -s works
configure:5138: result: yes
configure:5146: checking the maximum length of command line arguments
configure:5276: result: 196608
configure:5293: checking whether the shell understands some XSI constructs
configure:5303: result: yes
configure:5307: checking whether the shell understands "+="
configure:5313: result: yes
configure:5348: checking how to convert x86_64-apple-darwin12.3.0 file names to x86_64-apple-darwin12.3.0 format
configure:5388: result: func_convert_file_noop
configure:5395: checking how to convert x86_64-apple-darwin12.3.0 file names to toolchain format
configure:5415: result: func_convert_file_noop
configure:5422: checking for /usr/llvm-gcc-4.2/libexec/gcc/i686-apple-darwin11/4.2.1/ld option to reload object files
configure:5429: result: -r
configure:5503: checking for objdump
configure:5533: result: no
configure:5559: checking how to recognize dependent libraries
configure:5761: result: pass_all
configure:5846: checking for dlltool
configure:5876: result: no
configure:5903: checking how to associate runtime and link libraries
configure:5930: result: printf %s\n
configure:5990: checking for ar
configure:6006: found /usr/bin/ar
configure:6017: result: ar
configure:6054: checking for archiver @FILE support
configure:6071: gcc -c -g -O2  conftest.c >&5
configure:6071: $? = 0
configure:6074: ar cru libconftest.a @conftest.lst >&5
ar: @conftest.lst: No such file or directory
configure:6077: $? = 1
configure:6097: result: no
configure:6155: checking for strip
configure:6171: found /usr/bin/strip
configure:6182: result: strip
configure:6254: checking for ranlib
configure:6270: found /usr/bin/ranlib
configure:6281: result: ranlib
configure:6383: checking command to parse /usr/bin/nm output from gcc object
configure:6503: gcc -c -g -O2  conftest.c >&5
configure:6506: $? = 0
configure:6510: /usr/bin/nm conftest.o \| sed -n -e 's/^.*[ ]\([BCDEGRST][BCDEGRST]*\)[ ][ ]*\([_A-Za-z][_A-Za-z0-9]*\)$/\1 \2 \2/p' | sed '/ __gnu_lto/d' \> conftest.nm
configure:6513: $? = 0
cannot find nm_test_var in conftest.nm
configure:6503: gcc -c -g -O2  conftest.c >&5
configure:6506: $? = 0
configure:6510: /usr/bin/nm conftest.o \| sed -n -e 's/^.*[ ]\([BCDEGRST][BCDEGRST]*\)[ ][ ]*_\([_A-Za-z][_A-Za-z0-9]*\)$/\1 _\2 \2/p' | sed '/ __gnu_lto/d' \> conftest.nm
configure:6513: $? = 0
configure:6579: gcc -o conftest -g -O2   conftest.c conftstm.o >&5
configure:6582: $? = 0
configure:6620: result: ok
configure:6657: checking for sysroot
configure:6687: result: no
configure:6943: checking for mt
configure:6973: result: no
configure:6993: checking if : is a manifest tool
configure:6999: : '-?'
configure:7007: result: no
configure:7063: checking for dsymutil
configure:7079: found /usr/bin/dsymutil
configure:7090: result: dsymutil
configure:7155: checking for nmedit
configure:7171: found /usr/bin/nmedit
configure:7182: result: nmedit
configure:7247: checking for lipo
configure:7263: found /usr/bin/lipo
configure:7274: result: lipo
configure:7339: checking for otool
configure:7355: found /usr/bin/otool
configure:7366: result: otool
configure:7431: checking for otool64
configure:7461: result: no
configure:7506: checking for -single_module linker flag
gcc -g -O2  -o libconftest.dylib -dynamiclib -Wl,-single_module conftest.c
configure:7539: result: yes
configure:7542: checking for -exported_symbols_list linker flag
configure:7562: gcc -o conftest -g -O2   -Wl,-exported_symbols_list,conftest.sym conftest.c  >&5
configure:7562: $? = 0
configure:7572: result: yes
configure:7575: checking for -force_load linker flag
gcc -g -O2 -c -o conftest.o conftest.c
ar cru libconftest.a conftest.o
ranlib libconftest.a
gcc -g -O2  -o conftest conftest.c -Wl,-force_load,./libconftest.a
configure:7607: result: yes
configure:7646: checking for dlfcn.h
configure:7646: gcc -c -g -O2  conftest.c >&5
configure:7646: $? = 0
configure:7646: result: yes
configure:8149: checking for objdir
configure:8164: result: .libs
configure:8435: checking if gcc supports -fno-rtti -fno-exceptions
configure:8453: gcc -c -g -O2  -fno-rtti -fno-exceptions conftest.c >&5
cc1: warning: command line option "-fno-rtti" is valid for C++/ObjC++ but not for C
configure:8457: $? = 0
configure:8470: result: no
configure:8797: checking for gcc option to produce PIC
configure:8804: result: -fno-common -DPIC
configure:8812: checking if gcc PIC flag -fno-common -DPIC works
configure:8830: gcc -c -g -O2  -fno-common -DPIC -DPIC conftest.c >&5
configure:8834: $? = 0
configure:8847: result: yes
configure:8876: checking if gcc static flag -static works
configure:8904: result: no
configure:8919: checking if gcc supports -c -o file.o
configure:8940: gcc -c -g -O2  -o out/conftest2.o conftest.c >&5
configure:8944: $? = 0
configure:8966: result: yes
configure:8974: checking if gcc supports -c -o file.o
configure:9021: result: yes
configure:9054: checking whether the gcc linker (/usr/llvm-gcc-4.2/libexec/gcc/i686-apple-darwin11/4.2.1/ld) supports shared libraries
configure:10211: result: yes
configure:10451: checking dynamic linker characteristics
configure:11196: result: darwin12.3.0 dyld
configure:11303: checking how to hardcode library paths into programs
configure:11328: result: immediate
configure:11868: checking whether stripping libraries is possible
configure:11882: result: yes
configure:11908: checking if libtool supports shared libraries
configure:11910: result: yes
configure:11913: checking whether to build shared libraries
configure:11934: result: yes
configure:11937: checking whether to build static libraries
configure:11941: result: no
configure:12021: checking for windres
configure:12051: result: no
configure:12157: checking whether to enable maintainer-specific portions of Makefiles
configure:12166: result: no
configure:12224: checking for gawk
configure:12251: result: awk
configure:12310: checking for gcc
configure:12337: result: gcc
configure:12566: checking for C compiler version
configure:12575: gcc --version >&5
i686-apple-darwin11-llvm-gcc-4.2 (GCC) 4.2.1 (Based on Apple Inc. build 5658) (LLVM build 2336.11.00)
Copyright (C) 2007 Free Software Foundation, Inc.
This is free software; see the source for copying conditions.  There is NO
warranty; not even for MERCHANTABILITY or FITNESS FOR A PARTICULAR PURPOSE.

configure:12586: $? = 0
configure:12575: gcc -v >&5
Using built-in specs.
Target: i686-apple-darwin11
Configured with: /private/var/tmp/llvmgcc42/llvmgcc42-2336.11~67/src/configure --disable-checking --enable-werror --prefix=/Applications/Xcode.app/Contents/Developer/usr/llvm-gcc-4.2 --mandir=/share/man --enable-languages=c,objc,c++,obj-c++ --program-prefix=llvm- --program-transform-name=/^[cg][^.-]*$/s/$/-4.2/ --with-slibdir=/usr/lib --build=i686-apple-darwin11 --enable-llvm=/private/var/tmp/llvmgcc42/llvmgcc42-2336.11~67/dst-llvmCore/Developer/usr/local --program-prefix=i686-apple-darwin11- --host=x86_64-apple-darwin11 --target=i686-apple-darwin11 --with-gxx-include-dir=/usr/include/c++/4.2.1
Thread model: posix
gcc version 4.2.1 (Based on Apple Inc. build 5658) (LLVM build 2336.11.00)
configure:12586: $? = 0
configure:12575: gcc -V >&5
llvm-gcc-4.2: argument to `-V' is missing
configure:12586: $? = 1
configure:12575: gcc -qversion >&5
i686-apple-darwin11-llvm-gcc-4.2: no input files
configure:12586: $? = 1
configure:12590: checking whether we are using the GNU C compiler
configure:12618: result: yes
configure:12627: checking whether gcc accepts -g
configure:12688: result: yes
configure:12705: checking for gcc option to accept ISO C89
configure:12781: result: none needed
configure:12803: checking dependency style of gcc
configure:12914: result: gcc3
configure:12934: checking how to run the C preprocessor
configure:13004: result: gcc -E
configure:13024: gcc -E  conftest.c
configure:13024: $? = 0
configure:13038: gcc -E  conftest.c
conftest.c:30:28: error: ac_nonexistent.h: No such file or directory
configure:13038: $? = 1
configure: failed program was:
| /* confdefs.h */
| #define PACKAGE_NAME "libksba"
| #define PACKAGE_TARNAME "libksba"
| #define PACKAGE_VERSION "1.3.0"
| #define PACKAGE_STRING "libksba 1.3.0"
| #define PACKAGE_BUGREPORT "http://bugs.gnupg.org"
| #define PACKAGE_URL ""
| #define PACKAGE "libksba"
| #define VERSION "1.3.0"
| #define STDC_HEADERS 1
| #define HAVE_SYS_TYPES_H 1
| #define HAVE_SYS_STAT_H 1
| #define HAVE_STDLIB_H 1
| #define HAVE_STRING_H 1
| #define HAVE_MEMORY_H 1
| #define HAVE_STRINGS_H 1
| #define HAVE_INTTYPES_H 1
| #define HAVE_STDINT_H 1
| #define HAVE_UNISTD_H 1
| #define __EXTENSIONS__ 1
| #define _ALL_SOURCE 1
| #define _GNU_SOURCE 1
| #define _POSIX_PTHREAD_SEMANTICS 1
| #define _TANDEM_SOURCE 1
| #define HAVE_DLFCN_H 1
| #define LT_OBJDIR ".libs/"
| #define PACKAGE "libksba"
| #define VERSION "1.3.0"
| /* end confdefs.h.  */
| #include <ac_nonexistent.h>
configure:13067: checking whether gcc and cc understand -c and -o together
configure:13098: gcc -c conftest.c -o conftest2.o >&5
configure:13102: $? = 0
configure:13108: gcc -c conftest.c -o conftest2.o >&5
configure:13112: $? = 0
configure:13123: cc -c conftest.c >&5
configure:13127: $? = 0
configure:13135: cc -c conftest.c -o conftest2.o >&5
configure:13139: $? = 0
configure:13145: cc -c conftest.c -o conftest2.o >&5
configure:13149: $? = 0
configure:13167: result: yes
configure:13196: checking whether ln -s works
configure:13200: result: yes
configure:13207: checking whether make sets $(MAKE)
configure:13229: result: yes
configure:13245: checking for bison
configure:13261: found /usr/bin/bison
configure:13272: result: bison -y
configure:13284: checking for inline
configure:13300: gcc -c -g -O2  conftest.c >&5
configure:13300: $? = 0
configure:13308: result: inline
configure:13330: checking for cc for build
configure:13337: result: gcc
configure:13417: checking if gcc supports -Wpointer-arith
configure:13432: gcc -c -Wpointer-arith  conftest.c >&5
configure:13432: $? = 0
configure:13438: result: yes
configure:13445: checking if gcc supports -Wno-pointer-sign
configure:13460: gcc -c -Wno-pointer-sign  conftest.c >&5
configure:13460: $? = 0
configure:13466: result: yes
configure:13548: checking whether the visibility attribute is supported
cc1: warnings being treated as errors
conftest.c:31: warning: internal and protected visibility attributes not supported in this configuration; ignored
configure:13571: result: no
configure:13747: checking for gpg-error-config
configure:13765: found /usr/local/bin/gpg-error-config
configure:13777: result: /usr/local/bin/gpg-error-config
configure:13800: checking for GPG Error - version >= 1.8
configure:13826: result: yes (1.9)
configure:13871: checking for ANSI C header files
configure:13975: result: yes
configure:13985: checking for string.h
configure:13985: result: yes
configure:13997: checking for an ANSI C-conforming const
configure:14063: gcc -c -g -O2 -Wall -Wcast-align -Wshadow -Wstrict-prototypes -Wpointer-arith -Wno-pointer-sign  conftest.c >&5
conftest.c:36: warning: function declaration isn't a prototype
configure:14063: $? = 0
configure:14070: result: yes
configure:14079: checking whether byte ordering is bigendian
configure:14094: gcc -c -g -O2 -Wall -Wcast-align -Wshadow -Wstrict-prototypes -Wpointer-arith -Wno-pointer-sign  conftest.c >&5
configure:14094: $? = 0
configure:14139: gcc -c -g -O2 -Wall -Wcast-align -Wshadow -Wstrict-prototypes -Wpointer-arith -Wno-pointer-sign  conftest.c >&5
conftest.c:38: warning: function declaration isn't a prototype
configure:14139: $? = 0
configure:14157: gcc -c -g -O2 -Wall -Wcast-align -Wshadow -Wstrict-prototypes -Wpointer-arith -Wno-pointer-sign  conftest.c >&5
conftest.c:38: warning: function declaration isn't a prototype
conftest.c: In function 'main':
conftest.c:40: error: 'not' undeclared (first use in this function)
conftest.c:40: error: (Each undeclared identifier is reported only once
conftest.c:40: error: for each function it appears in.)
conftest.c:40: error: expected ';' before 'big'
configure:14157: $? = 1
configure: failed program was:
| /* confdefs.h */
| #define PACKAGE_NAME "libksba"
| #define PACKAGE_TARNAME "libksba"
| #define PACKAGE_VERSION "1.3.0"
| #define PACKAGE_STRING "libksba 1.3.0"
| #define PACKAGE_BUGREPORT "http://bugs.gnupg.org"
| #define PACKAGE_URL ""
| #define PACKAGE "libksba"
| #define VERSION "1.3.0"
| #define STDC_HEADERS 1
| #define HAVE_SYS_TYPES_H 1
| #define HAVE_SYS_STAT_H 1
| #define HAVE_STDLIB_H 1
| #define HAVE_STRING_H 1
| #define HAVE_MEMORY_H 1
| #define HAVE_STRINGS_H 1
| #define HAVE_INTTYPES_H 1
| #define HAVE_STDINT_H 1
| #define HAVE_UNISTD_H 1
| #define __EXTENSIONS__ 1
| #define _ALL_SOURCE 1
| #define _GNU_SOURCE 1
| #define _POSIX_PTHREAD_SEMANTICS 1
| #define _TANDEM_SOURCE 1
| #define HAVE_DLFCN_H 1
| #define LT_OBJDIR ".libs/"
| #define PACKAGE "libksba"
| #define VERSION "1.3.0"
| #define GPG_ERR_SOURCE_DEFAULT GPG_ERR_SOURCE_KSBA
| #define STDC_HEADERS 1
| #define HAVE_STRING_H 1
| /* end confdefs.h.  */
| #include <sys/types.h>
| 		#include <sys/param.h>
| 
| int
| main ()
| {
| #if BYTE_ORDER != BIG_ENDIAN
| 		 not big endian
| 		#endif
| 
|   ;
|   return 0;
| }
configure:14285: result: no
configure:14308: checking size of unsigned int
configure:14313: gcc -o conftest -g -O2 -Wall -Wcast-align -Wshadow -Wstrict-prototypes -Wpointer-arith -Wno-pointer-sign   conftest.c  >&5
conftest.c:66: warning: function declaration isn't a prototype
conftest.c:67: warning: function declaration isn't a prototype
conftest.c:72: warning: function declaration isn't a prototype
configure:14313: $? = 0
configure:14313: ./conftest
configure:14313: $? = 0
configure:14327: result: 4
configure:14341: checking size of unsigned long
configure:14346: gcc -o conftest -g -O2 -Wall -Wcast-align -Wshadow -Wstrict-prototypes -Wpointer-arith -Wno-pointer-sign   conftest.c  >&5
conftest.c:67: warning: function declaration isn't a prototype
conftest.c:68: warning: function declaration isn't a prototype
conftest.c:73: warning: function declaration isn't a prototype
configure:14346: $? = 0
configure:14346: ./conftest
configure:14346: $? = 0
configure:14360: result: 8
configure:14370: checking for u32 typedef
configure:14391: gcc -c -g -O2 -Wall -Wcast-align -Wshadow -Wstrict-prototypes -Wpointer-arith -Wno-pointer-sign  conftest.c >&5
conftest.c:40: warning: function declaration isn't a prototype
conftest.c: In function 'main':
conftest.c:43: error: 'u32' undeclared (first use in this function)
conftest.c:43: error: (Each undeclared identifier is reported only once
conftest.c:43: error: for each function it appears in.)
conftest.c:43: warning: unused variable 'a'
configure:14391: $? = 1
configure: failed program was:
| /* confdefs.h */
| #define PACKAGE_NAME "libksba"
| #define PACKAGE_TARNAME "libksba"
| #define PACKAGE_VERSION "1.3.0"
| #define PACKAGE_STRING "libksba 1.3.0"
| #define PACKAGE_BUGREPORT "http://bugs.gnupg.org"
| #define PACKAGE_URL ""
| #define PACKAGE "libksba"
| #define VERSION "1.3.0"
| #define STDC_HEADERS 1
| #define HAVE_SYS_TYPES_H 1
| #define HAVE_SYS_STAT_H 1
| #define HAVE_STDLIB_H 1
| #define HAVE_STRING_H 1
| #define HAVE_MEMORY_H 1
| #define HAVE_STRINGS_H 1
| #define HAVE_INTTYPES_H 1
| #define HAVE_STDINT_H 1
| #define HAVE_UNISTD_H 1
| #define __EXTENSIONS__ 1
| #define _ALL_SOURCE 1
| #define _GNU_SOURCE 1
| #define _POSIX_PTHREAD_SEMANTICS 1
| #define _TANDEM_SOURCE 1
| #define HAVE_DLFCN_H 1
| #define LT_OBJDIR ".libs/"
| #define PACKAGE "libksba"
| #define VERSION "1.3.0"
| #define GPG_ERR_SOURCE_DEFAULT GPG_ERR_SOURCE_KSBA
| #define STDC_HEADERS 1
| #define HAVE_STRING_H 1
| #define SIZEOF_UNSIGNED_INT 4
| #define SIZEOF_UNSIGNED_LONG 8
| /* end confdefs.h.  */
| #define _GNU_SOURCE 1
|     #include <stdlib.h>
|     #include <sys/types.h>
| int
| main ()
| {
| 
|     #undef u32
|     int a = sizeof(u32);
| 
|   ;
|   return 0;
| }
configure:14399: result: no
configure:14413: checking for memmove
configure:14413: gcc -o conftest -g -O2 -Wall -Wcast-align -Wshadow -Wstrict-prototypes -Wpointer-arith -Wno-pointer-sign   conftest.c  >&5
conftest.c:58: warning: function declaration isn't a prototype
conftest.c:58: warning: conflicting types for built-in function 'memmove'
conftest.c:68: warning: function declaration isn't a prototype
configure:14413: $? = 0
configure:14413: result: yes
configure:14413: checking for strchr
configure:14413: gcc -o conftest -g -O2 -Wall -Wcast-align -Wshadow -Wstrict-prototypes -Wpointer-arith -Wno-pointer-sign   conftest.c  >&5
conftest.c:59: warning: function declaration isn't a prototype
conftest.c:59: warning: conflicting types for built-in function 'strchr'
conftest.c:69: warning: function declaration isn't a prototype
configure:14413: $? = 0
configure:14413: result: yes
configure:14413: checking for strtol
configure:14413: gcc -o conftest -g -O2 -Wall -Wcast-align -Wshadow -Wstrict-prototypes -Wpointer-arith -Wno-pointer-sign   conftest.c  >&5
conftest.c:60: warning: function declaration isn't a prototype
conftest.c:70: warning: function declaration isn't a prototype
configure:14413: $? = 0
configure:14413: result: yes
configure:14413: checking for strtoul
configure:14413: gcc -o conftest -g -O2 -Wall -Wcast-align -Wshadow -Wstrict-prototypes -Wpointer-arith -Wno-pointer-sign   conftest.c  >&5
conftest.c:61: warning: function declaration isn't a prototype
conftest.c:71: warning: function declaration isn't a prototype
configure:14413: $? = 0
configure:14413: result: yes
configure:14413: checking for stpcpy
configure:14413: gcc -o conftest -g -O2 -Wall -Wcast-align -Wshadow -Wstrict-prototypes -Wpointer-arith -Wno-pointer-sign   conftest.c  >&5
conftest.c:62: warning: function declaration isn't a prototype
conftest.c:62: warning: conflicting types for built-in function 'stpcpy'
conftest.c:72: warning: function declaration isn't a prototype
configure:14413: $? = 0
configure:14413: result: yes
configure:14413: checking for gmtime_r
configure:14413: gcc -o conftest -g -O2 -Wall -Wcast-align -Wshadow -Wstrict-prototypes -Wpointer-arith -Wno-pointer-sign   conftest.c  >&5
conftest.c:63: warning: function declaration isn't a prototype
conftest.c:73: warning: function declaration isn't a prototype
configure:14413: $? = 0
configure:14413: result: yes
configure:14413: checking for getenv
configure:14413: gcc -o conftest -g -O2 -Wall -Wcast-align -Wshadow -Wstrict-prototypes -Wpointer-arith -Wno-pointer-sign   conftest.c  >&5
conftest.c:64: warning: function declaration isn't a prototype
conftest.c:74: warning: function declaration isn't a prototype
configure:14413: $? = 0
configure:14413: result: yes
configure:14428: checking for size_t
configure:14428: gcc -c -g -O2 -Wall -Wcast-align -Wshadow -Wstrict-prototypes -Wpointer-arith -Wno-pointer-sign  conftest.c >&5
conftest.c:77: warning: function declaration isn't a prototype
configure:14428: $? = 0
configure:14428: gcc -c -g -O2 -Wall -Wcast-align -Wshadow -Wstrict-prototypes -Wpointer-arith -Wno-pointer-sign  conftest.c >&5
conftest.c:77: warning: function declaration isn't a prototype
conftest.c: In function 'main':
conftest.c:78: error: expected expression before ')' token
configure:14428: $? = 1
configure: failed program was:
| /* confdefs.h */
| #define PACKAGE_NAME "libksba"
| #define PACKAGE_TARNAME "libksba"
| #define PACKAGE_VERSION "1.3.0"
| #define PACKAGE_STRING "libksba 1.3.0"
| #define PACKAGE_BUGREPORT "http://bugs.gnupg.org"
| #define PACKAGE_URL ""
| #define PACKAGE "libksba"
| #define VERSION "1.3.0"
| #define STDC_HEADERS 1
| #define HAVE_SYS_TYPES_H 1
| #define HAVE_SYS_STAT_H 1
| #define HAVE_STDLIB_H 1
| #define HAVE_STRING_H 1
| #define HAVE_MEMORY_H 1
| #define HAVE_STRINGS_H 1
| #define HAVE_INTTYPES_H 1
| #define HAVE_STDINT_H 1
| #define HAVE_UNISTD_H 1
| #define __EXTENSIONS__ 1
| #define _ALL_SOURCE 1
| #define _GNU_SOURCE 1
| #define _POSIX_PTHREAD_SEMANTICS 1
| #define _TANDEM_SOURCE 1
| #define HAVE_DLFCN_H 1
| #define LT_OBJDIR ".libs/"
| #define PACKAGE "libksba"
| #define VERSION "1.3.0"
| #define GPG_ERR_SOURCE_DEFAULT GPG_ERR_SOURCE_KSBA
| #define STDC_HEADERS 1
| #define HAVE_STRING_H 1
| #define SIZEOF_UNSIGNED_INT 4
| #define SIZEOF_UNSIGNED_LONG 8
| #define HAVE_MEMMOVE 1
| #define HAVE_STRCHR 1
| #define HAVE_STRTOL 1
| #define HAVE_STRTOUL 1
| #define HAVE_STPCPY 1
| #define HAVE_GMTIME_R 1
| #define HAVE_GETENV 1
| /* end confdefs.h.  */
| #include <stdio.h>
| #ifdef HAVE_SYS_TYPES_H
| # include <sys/types.h>
| #endif
| #ifdef HAVE_SYS_STAT_H
| # include <sys/stat.h>
| #endif
| #ifdef STDC_HEADERS
| # include <stdlib.h>
| # include <stddef.h>
| #else
| # ifdef HAVE_STDLIB_H
| #  include <stdlib.h>
| # endif
| #endif
| #ifdef HAVE_STRING_H
| # if !defined STDC_HEADERS && defined HAVE_MEMORY_H
| #  include <memory.h>
| # endif
| # include <string.h>
| #endif
| #ifdef HAVE_STRINGS_H
| # include <strings.h>
| #endif
| #ifdef HAVE_INTTYPES_H
| # include <inttypes.h>
| #endif
| #ifdef HAVE_STDINT_H
| # include <stdint.h>
| #endif
| #ifdef HAVE_UNISTD_H
| # include <unistd.h>
| #endif
| int
| main ()
| {
| if (sizeof ((size_t)))
| 	    return 0;
|   ;
|   return 0;
| }
configure:14428: result: yes
configure:14441: checking for working alloca.h
configure:14458: gcc -o conftest -g -O2 -Wall -Wcast-align -Wshadow -Wstrict-prototypes -Wpointer-arith -Wno-pointer-sign   conftest.c  >&5
conftest.c:45: warning: function declaration isn't a prototype
configure:14458: $? = 0
configure:14466: result: yes
configure:14474: checking for alloca
configure:14511: gcc -o conftest -g -O2 -Wall -Wcast-align -Wshadow -Wstrict-prototypes -Wpointer-arith -Wno-pointer-sign   conftest.c  >&5
conftest.c:66: warning: function declaration isn't a prototype
configure:14511: $? = 0
configure:14519: result: yes
configure:14864: creating ./config.status

## ---------------------- ##
## Running config.status. ##
## ---------------------- ##

This file was extended by libksba config.status 1.3.0, which was
generated by GNU Autoconf 2.69.  Invocation command line was

  CONFIG_FILES    = 
  CONFIG_HEADERS  = 
  CONFIG_LINKS    = 
  CONFIG_COMMANDS = 
  $ ./config.status 

on Joaos-MacBook-Pro.local

config.status:1181: creating Makefile
config.status:1181: creating m4/Makefile
config.status:1181: creating gl/Makefile
config.status:1181: creating src/Makefile
config.status:1181: creating src/ksba-config
config.status:1181: creating src/versioninfo.rc
config.status:1181: creating tests/Makefile
config.status:1181: creating doc/Makefile
config.status:1181: creating config.h
config.status:1362: config.h is unchanged
config.status:1410: executing depfiles commands
config.status:1410: executing libtool commands

## ---------------- ##
## Cache variables. ##
## ---------------- ##

ac_cv_build=x86_64-apple-darwin12.3.0
ac_cv_c_bigendian=no
ac_cv_c_compiler_gnu=yes
ac_cv_c_const=yes
ac_cv_c_inline=inline
ac_cv_env_CC_FOR_BUILD_set=
ac_cv_env_CC_FOR_BUILD_value=
ac_cv_env_CC_set=
ac_cv_env_CC_value=
ac_cv_env_CFLAGS_set=
ac_cv_env_CFLAGS_value=
ac_cv_env_CPPFLAGS_set=
ac_cv_env_CPPFLAGS_value=
ac_cv_env_CPP_set=
ac_cv_env_CPP_value=
ac_cv_env_LDFLAGS_set=
ac_cv_env_LDFLAGS_value=
ac_cv_env_LIBS_set=
ac_cv_env_LIBS_value=
ac_cv_env_YACC_set=
ac_cv_env_YACC_value=
ac_cv_env_YFLAGS_set=
ac_cv_env_YFLAGS_value=
ac_cv_env_build_alias_set=
ac_cv_env_build_alias_value=
ac_cv_env_host_alias_set=
ac_cv_env_host_alias_value=
ac_cv_env_target_alias_set=
ac_cv_env_target_alias_value=
ac_cv_func_alloca_works=yes
ac_cv_func_getenv=yes
ac_cv_func_gmtime_r=yes
ac_cv_func_memmove=yes
ac_cv_func_stpcpy=yes
ac_cv_func_strchr=yes
ac_cv_func_strtol=yes
ac_cv_func_strtoul=yes
ac_cv_header_dlfcn_h=yes
ac_cv_header_inttypes_h=yes
ac_cv_header_memory_h=yes
ac_cv_header_minix_config_h=no
ac_cv_header_stdc=yes
ac_cv_header_stdint_h=yes
ac_cv_header_stdlib_h=yes
ac_cv_header_string_h=yes
ac_cv_header_strings_h=yes
ac_cv_header_sys_stat_h=yes
ac_cv_header_sys_types_h=yes
ac_cv_header_unistd_h=yes
ac_cv_host=x86_64-apple-darwin12.3.0
ac_cv_objext=o
ac_cv_path_EGREP='/usr/bin/grep -E'
ac_cv_path_FGREP='/usr/bin/grep -F'
ac_cv_path_GREP=/usr/bin/grep
ac_cv_path_SED=/usr/bin/sed
ac_cv_path_ac_pt_GPG_ERROR_CONFIG=/usr/local/bin/gpg-error-config
ac_cv_path_install='/usr/bin/install -c'
ac_cv_prog_AWK=awk
ac_cv_prog_CPP='gcc -E'
ac_cv_prog_YACC='bison -y'
ac_cv_prog_ac_ct_AR=ar
ac_cv_prog_ac_ct_CC=gcc
ac_cv_prog_ac_ct_DSYMUTIL=dsymutil
ac_cv_prog_ac_ct_LIPO=lipo
ac_cv_prog_ac_ct_NMEDIT=nmedit
ac_cv_prog_ac_ct_OTOOL=otool
ac_cv_prog_ac_ct_RANLIB=ranlib
ac_cv_prog_ac_ct_STRIP=strip
ac_cv_prog_cc_c89=
ac_cv_prog_cc_g=yes
ac_cv_prog_cc_gcc_c_o=yes
ac_cv_prog_make_make_set=yes
ac_cv_safe_to_define___extensions__=yes
ac_cv_sizeof_unsigned_int=4
ac_cv_sizeof_unsigned_long=8
ac_cv_type_size_t=yes
ac_cv_working_alloca_h=yes
am_cv_CC_dependencies_compiler_type=gcc3
gnupg_cv_typedef_u32=no
ksba_cv_visibility_attribute=no
lt_cv_apple_cc_single_mod=yes
lt_cv_ar_at_file=no
lt_cv_deplibs_check_method=pass_all
lt_cv_file_magic_cmd='$MAGIC_CMD'
lt_cv_file_magic_test_file=
lt_cv_ld_exported_symbols_list=yes
lt_cv_ld_force_load=yes
lt_cv_ld_reload_flag=-r
lt_cv_nm_interface='BSD nm'
lt_cv_objdir=.libs
lt_cv_path_LD=/usr/llvm-gcc-4.2/libexec/gcc/i686-apple-darwin11/4.2.1/ld
lt_cv_path_NM=/usr/bin/nm
lt_cv_path_mainfest_tool=no
lt_cv_prog_compiler_c_o=yes
lt_cv_prog_compiler_c_o_RC=yes
lt_cv_prog_compiler_pic='-fno-common -DPIC'
lt_cv_prog_compiler_pic_works=yes
lt_cv_prog_compiler_rtti_exceptions=no
lt_cv_prog_compiler_static_works=no
lt_cv_prog_gnu_ld=no
lt_cv_sharedlib_from_linklib_cmd='printf %s\n'
lt_cv_sys_global_symbol_pipe='sed -n -e '\''s/^.*[	 ]\([BCDEGRST][BCDEGRST]*\)[	 ][	 ]*_\([_A-Za-z][_A-Za-z0-9]*\)$/\1 _\2 \2/p'\'' | sed '\''/ __gnu_lto/d'\'''
lt_cv_sys_global_symbol_to_c_name_address='sed -n -e '\''s/^: \([^ ]*\)[ ]*$/  {\"\1\", (void *) 0},/p'\'' -e '\''s/^[BCDEGRST]* \([^ ]*\) \([^ ]*\)$/  {"\2", (void *) \&\2},/p'\'''
lt_cv_sys_global_symbol_to_c_name_address_lib_prefix='sed -n -e '\''s/^: \([^ ]*\)[ ]*$/  {\"\1\", (void *) 0},/p'\'' -e '\''s/^[BCDEGRST]* \([^ ]*\) \(lib[^ ]*\)$/  {"\2", (void *) \&\2},/p'\'' -e '\''s/^[BCDEGRST]* \([^ ]*\) \([^ ]*\)$/  {"lib\2", (void *) \&\2},/p'\'''
lt_cv_sys_global_symbol_to_cdecl='sed -n -e '\''s/^T .* \(.*\)$/extern int \1();/p'\'' -e '\''s/^[BCDEGRST]* .* \(.*\)$/extern char \1;/p'\'''
lt_cv_sys_max_cmd_len=196608
lt_cv_to_host_file_cmd=func_convert_file_noop
lt_cv_to_tool_file_cmd=func_convert_file_noop

## ----------------- ##
## Output variables. ##
## ----------------- ##

ACLOCAL='${SHELL} /Users/joaovasques/Duplicity/libksba-1.3.0/missing --run aclocal-1.11'
ALLOCA=''
ALLOCA_H='alloca.h'
AMDEPBACKSLASH='\'
AMDEP_FALSE='#'
AMDEP_TRUE=''
AMTAR='$${TAR-tar}'
AR='ar'
AS='as'
AUTOCONF='${SHELL} /Users/joaovasques/Duplicity/libksba-1.3.0/missing --run autoconf'
AUTOHEADER='${SHELL} /Users/joaovasques/Duplicity/libksba-1.3.0/missing --run autoheader'
AUTOMAKE='${SHELL} /Users/joaovasques/Duplicity/libksba-1.3.0/missing --run automake-1.11'
AWK='awk'
BUILD_FILEVERSION=''
BUILD_REVISION='ea84874'
BUILD_TIMESTAMP=''
CC='gcc'
CCDEPMODE='depmode=gcc3'
CC_FOR_BUILD='gcc'
CFLAGS='-g -O2 -Wall -Wcast-align -Wshadow -Wstrict-prototypes -Wpointer-arith -Wno-pointer-sign'
CPP='gcc -E'
CPPFLAGS=''
CROSS_COMPILING_FALSE=''
CROSS_COMPILING_TRUE='#'
CYGPATH_W='echo'
DEFS='-DHAVE_CONFIG_H'
DEPDIR='.deps'
DLLTOOL='false'
DSYMUTIL='dsymutil'
DUMPBIN=''
ECHO_C='\c'
ECHO_N=''
ECHO_T=''
EGREP='/usr/bin/grep -E'
EXEEXT=''
FGREP='/usr/bin/grep -F'
GPG_ERROR_CFLAGS='-I/usr/local/include'
GPG_ERROR_CONFIG='/usr/local/bin/gpg-error-config'
GPG_ERROR_LIBS='-L/usr/local/lib -lgpg-error'
GREP='/usr/bin/grep'
HAVE_LD_VERSION_SCRIPT_FALSE=''
HAVE_LD_VERSION_SCRIPT_TRUE='#'
HAVE_W32CE_SYSTEM_FALSE=''
HAVE_W32CE_SYSTEM_TRUE='#'
HAVE_W32_SYSTEM_FALSE=''
HAVE_W32_SYSTEM_TRUE='#'
INSTALL_DATA='${INSTALL} -m 644'
INSTALL_PROGRAM='${INSTALL}'
INSTALL_SCRIPT='${INSTALL}'
INSTALL_STRIP_PROGRAM='$(install_sh) -c -s'
KSBA_CONFIG_API_VERSION='1'
KSBA_CONFIG_CFLAGS=''
KSBA_CONFIG_HOST='x86_64-apple-darwin12.3.0'
KSBA_CONFIG_LIBS='-lksba'
LD='/usr/llvm-gcc-4.2/libexec/gcc/i686-apple-darwin11/4.2.1/ld'
LDFLAGS=''
LIBKSBA_LT_AGE='11'
LIBKSBA_LT_CURRENT='19'
LIBKSBA_LT_REVISION='1'
LIBOBJS=''
LIBS=''
LIBTOOL='$(SHELL) $(top_builddir)/libtool'
LIPO='lipo'
LN_S='ln -s'
LTALLOCA=''
LTLIBOBJS=''
MAINT='#'
MAINTAINER_MODE_FALSE=''
MAINTAINER_MODE_TRUE='#'
MAKEINFO='${SHELL} /Users/joaovasques/Duplicity/libksba-1.3.0/missing --run makeinfo'
MANIFEST_TOOL=':'
MKDIR_P='./install-sh -c -d'
NM='/usr/bin/nm'
NMEDIT='nmedit'
OBJDUMP='false'
OBJEXT='o'
OTOOL64=':'
OTOOL='otool'
PACKAGE='libksba'
PACKAGE_BUGREPORT='http://bugs.gnupg.org'
PACKAGE_NAME='libksba'
PACKAGE_STRING='libksba 1.3.0'
PACKAGE_TARNAME='libksba'
PACKAGE_URL=''
PACKAGE_VERSION='1.3.0'
PATH_SEPARATOR=':'
RANLIB='ranlib'
RC=''
SED='/usr/bin/sed'
SET_MAKE=''
SHELL='/bin/sh'
STRIP='strip'
VERSION='1.3.0'
YACC='bison -y'
YFLAGS=''
ac_ct_AR='ar'
ac_ct_CC='gcc'
ac_ct_DUMPBIN=''
am__EXEEXT_FALSE=''
am__EXEEXT_TRUE='#'
am__fastdepCC_FALSE='#'
am__fastdepCC_TRUE=''
am__include='include'
am__isrc=''
am__leading_dot='.'
am__nodep='_no'
am__quote=''
am__tar='$${TAR-tar} chof - "$$tardir"'
am__untar='$${TAR-tar} xf -'
bindir='${exec_prefix}/bin'
build='x86_64-apple-darwin12.3.0'
build_alias=''
build_cpu='x86_64'
build_os='darwin12.3.0'
build_vendor='apple'
datadir='${datarootdir}'
datarootdir='${prefix}/share'
docdir='${datarootdir}/doc/${PACKAGE_TARNAME}'
dvidir='${docdir}'
exec_prefix='${prefix}'
host='x86_64-apple-darwin12.3.0'
host_alias=''
host_cpu='x86_64'
host_os='darwin12.3.0'
host_vendor='apple'
htmldir='${docdir}'
includedir='${prefix}/include'
infodir='${datarootdir}/info'
install_sh='${SHELL} /Users/joaovasques/Duplicity/libksba-1.3.0/install-sh'
libdir='${exec_prefix}/lib'
libexecdir='${exec_prefix}/libexec'
localedir='${datarootdir}/locale'
localstatedir='${prefix}/var'
mandir='${datarootdir}/man'
mkdir_p='$(top_builddir)/./install-sh -c -d'
oldincludedir='/usr/include'
pdfdir='${docdir}'
prefix='/usr/local'
program_transform_name='s,x,x,'
psdir='${docdir}'
sbindir='${exec_prefix}/sbin'
sharedstatedir='${prefix}/com'
sysconfdir='${prefix}/etc'
target_alias=''

## ----------- ##
## confdefs.h. ##
## ----------- ##

/* confdefs.h */
#define PACKAGE_NAME "libksba"
#define PACKAGE_TARNAME "libksba"
#define PACKAGE_VERSION "1.3.0"
#define PACKAGE_STRING "libksba 1.3.0"
#define PACKAGE_BUGREPORT "http://bugs.gnupg.org"
#define PACKAGE_URL ""
#define PACKAGE "libksba"
#define VERSION "1.3.0"
#define STDC_HEADERS 1
#define HAVE_SYS_TYPES_H 1
#define HAVE_SYS_STAT_H 1
#define HAVE_STDLIB_H 1
#define HAVE_STRING_H 1
#define HAVE_MEMORY_H 1
#define HAVE_STRINGS_H 1
#define HAVE_INTTYPES_H 1
#define HAVE_STDINT_H 1
#define HAVE_UNISTD_H 1
#define __EXTENSIONS__ 1
#define _ALL_SOURCE 1
#define _GNU_SOURCE 1
#define _POSIX_PTHREAD_SEMANTICS 1
#define _TANDEM_SOURCE 1
#define HAVE_DLFCN_H 1
#define LT_OBJDIR ".libs/"
#define PACKAGE "libksba"
#define VERSION "1.3.0"
#define GPG_ERR_SOURCE_DEFAULT GPG_ERR_SOURCE_KSBA
#define STDC_HEADERS 1
#define HAVE_STRING_H 1
#define SIZEOF_UNSIGNED_INT 4
#define SIZEOF_UNSIGNED_LONG 8
#define HAVE_MEMMOVE 1
#define HAVE_STRCHR 1
#define HAVE_STRTOL 1
#define HAVE_STRTOUL 1
#define HAVE_STPCPY 1
#define HAVE_GMTIME_R 1
#define HAVE_GETENV 1
#define HAVE_ALLOCA_H 1
#define HAVE_ALLOCA 1
#define HAVE_ALLOCA 1
#define HAVE_ALLOCA_H 1
#define BUILD_REVISION "ea84874"

configure: exit 0
